<?xml version="1.0" encoding="UTF-8"?>
<coverage generated="1733717367294" clover="3.2.0">
  <project timestamp="1733717367294" name="All files">
    <metrics statements="63" coveredstatements="63" conditionals="32" coveredconditionals="32" methods="8" coveredmethods="8" elements="103" coveredelements="103" complexity="0" loc="63" ncloc="63" packages="1" files="1" classes="1"/>
    <file name="index.ts" path="/Users/enmotion/works/npm-project/vmo-onion/use.lib/index.ts">
      <metrics statements="63" coveredstatements="63" conditionals="32" coveredconditionals="32" methods="8" coveredmethods="8"/>
      <line num="1" count="1" type="stmt"/>
      <line num="18" count="14" type="cond" truecount="1" falsecount="0"/>
      <line num="19" count="14" type="stmt"/>
      <line num="20" count="14" type="stmt"/>
      <line num="26" count="14" type="cond" truecount="1" falsecount="0"/>
      <line num="27" count="14" type="cond" truecount="1" falsecount="0"/>
      <line num="28" count="14" type="cond" truecount="3" falsecount="0"/>
      <line num="29" count="14" type="stmt"/>
      <line num="37" count="14" type="cond" truecount="1" falsecount="0"/>
      <line num="38" count="22" type="cond" truecount="1" falsecount="0"/>
      <line num="39" count="2" type="stmt"/>
      <line num="40" count="2" type="cond" truecount="1" falsecount="0"/>
      <line num="42" count="22" type="cond" truecount="2" falsecount="0"/>
      <line num="43" count="2" type="stmt"/>
      <line num="44" count="2" type="stmt"/>
      <line num="45" count="22" type="stmt"/>
      <line num="53" count="14" type="cond" truecount="1" falsecount="0"/>
      <line num="54" count="7" type="stmt"/>
      <line num="55" count="7" type="cond" truecount="1" falsecount="0"/>
      <line num="56" count="7" type="stmt"/>
      <line num="57" count="7" type="stmt"/>
      <line num="64" count="7" type="cond" truecount="1" falsecount="0"/>
      <line num="65" count="23" type="stmt"/>
      <line num="66" count="23" type="cond" truecount="2" falsecount="0"/>
      <line num="67" count="22" type="stmt"/>
      <line num="68" count="23" type="cond" truecount="1" falsecount="0"/>
      <line num="69" count="23" type="cond" truecount="2" falsecount="0"/>
      <line num="74" count="23" type="cond" truecount="2" falsecount="0"/>
      <line num="75" count="17" type="stmt"/>
      <line num="76" count="23" type="cond" truecount="1" falsecount="0"/>
      <line num="77" count="1" type="stmt"/>
      <line num="78" count="1" type="stmt"/>
      <line num="79" count="23" type="stmt"/>
      <line num="80" count="7" type="stmt"/>
      <line num="81" count="7" type="stmt"/>
      <line num="89" count="14" type="cond" truecount="1" falsecount="0"/>
      <line num="90" count="10" type="cond" truecount="1" falsecount="0"/>
      <line num="91" count="2" type="stmt"/>
      <line num="92" count="2" type="cond" truecount="1" falsecount="0"/>
      <line num="93" count="8" type="stmt"/>
      <line num="94" count="8" type="stmt"/>
      <line num="95" count="8" type="stmt"/>
      <line num="96" count="10" type="stmt"/>
      <line num="105" count="14" type="cond" truecount="1" falsecount="0"/>
      <line num="106" count="7" type="stmt"/>
      <line num="107" count="7" type="stmt"/>
      <line num="108" count="7" type="cond" truecount="1" falsecount="0"/>
      <line num="109" count="1" type="stmt"/>
      <line num="110" count="1" type="stmt"/>
      <line num="111" count="7" type="cond" truecount="1" falsecount="0"/>
      <line num="112" count="6" type="cond" truecount="2" falsecount="0"/>
      <line num="113" count="6" type="stmt"/>
      <line num="114" count="7" type="cond" truecount="1" falsecount="0"/>
      <line num="115" count="2" type="stmt"/>
      <line num="116" count="2" type="stmt"/>
      <line num="117" count="7" type="stmt"/>
      <line num="123" count="14" type="cond" truecount="1" falsecount="0"/>
      <line num="124" count="6" type="stmt"/>
      <line num="125" count="6" type="stmt"/>
      <line num="126" count="6" type="stmt"/>
      <line num="127" count="6" type="stmt"/>
      <line num="128" count="6" type="stmt"/>
      <line num="129" count="14" type="stmt"/>
    </file>
  </project>
</coverage>
