{"/Users/enmotion/works/npm-project/vmo-onion/use.lib/index.ts": {"path":"/Users/enmotion/works/npm-project/vmo-onion/use.lib/index.ts","all":false,"statementMap":{"0":{"start":{"line":1,"column":0},"end":{"line":1,"column":2}},"14":{"start":{"line":15,"column":0},"end":{"line":15,"column":31}},"15":{"start":{"line":16,"column":0},"end":{"line":16,"column":35}},"16":{"start":{"line":17,"column":0},"end":{"line":17,"column":52}},"22":{"start":{"line":23,"column":0},"end":{"line":23,"column":43}},"23":{"start":{"line":24,"column":0},"end":{"line":24,"column":44}},"24":{"start":{"line":25,"column":0},"end":{"line":25,"column":57}},"25":{"start":{"line":26,"column":0},"end":{"line":26,"column":3}},"33":{"start":{"line":34,"column":0},"end":{"line":34,"column":55}},"34":{"start":{"line":35,"column":0},"end":{"line":35,"column":38}},"35":{"start":{"line":36,"column":0},"end":{"line":36,"column":64}},"36":{"start":{"line":37,"column":0},"end":{"line":37,"column":5}},"38":{"start":{"line":39,"column":0},"end":{"line":39,"column":61}},"39":{"start":{"line":40,"column":0},"end":{"line":40,"column":70}},"40":{"start":{"line":41,"column":0},"end":{"line":41,"column":5}},"41":{"start":{"line":42,"column":0},"end":{"line":42,"column":3}},"49":{"start":{"line":50,"column":0},"end":{"line":50,"column":56}},"50":{"start":{"line":51,"column":0},"end":{"line":51,"column":38}},"51":{"start":{"line":52,"column":0},"end":{"line":52,"column":70}},"52":{"start":{"line":53,"column":0},"end":{"line":53,"column":20}},"53":{"start":{"line":54,"column":0},"end":{"line":54,"column":24}},"60":{"start":{"line":61,"column":0},"end":{"line":61,"column":41}},"61":{"start":{"line":62,"column":0},"end":{"line":62,"column":13}},"62":{"start":{"line":63,"column":0},"end":{"line":63,"column":90}},"63":{"start":{"line":64,"column":0},"end":{"line":64,"column":19}},"64":{"start":{"line":65,"column":0},"end":{"line":65,"column":37}},"65":{"start":{"line":66,"column":0},"end":{"line":66,"column":49}},"66":{"start":{"line":67,"column":0},"end":{"line":67,"column":43}},"67":{"start":{"line":68,"column":0},"end":{"line":68,"column":73}},"68":{"start":{"line":69,"column":0},"end":{"line":69,"column":23}},"69":{"start":{"line":70,"column":0},"end":{"line":70,"column":36}},"70":{"start":{"line":71,"column":0},"end":{"line":71,"column":9}},"71":{"start":{"line":72,"column":0},"end":{"line":72,"column":7}},"72":{"start":{"line":73,"column":0},"end":{"line":73,"column":5}},"73":{"start":{"line":74,"column":0},"end":{"line":74,"column":3}},"81":{"start":{"line":82,"column":0},"end":{"line":82,"column":32}},"82":{"start":{"line":83,"column":0},"end":{"line":83,"column":37}},"83":{"start":{"line":84,"column":0},"end":{"line":84,"column":70}},"84":{"start":{"line":85,"column":0},"end":{"line":85,"column":5}},"85":{"start":{"line":86,"column":0},"end":{"line":86,"column":31}},"86":{"start":{"line":87,"column":0},"end":{"line":87,"column":60}},"87":{"start":{"line":88,"column":0},"end":{"line":88,"column":3}},"96":{"start":{"line":97,"column":0},"end":{"line":97,"column":82}},"97":{"start":{"line":98,"column":0},"end":{"line":98,"column":9}},"98":{"start":{"line":99,"column":0},"end":{"line":99,"column":26}},"99":{"start":{"line":100,"column":0},"end":{"line":100,"column":42}},"100":{"start":{"line":101,"column":0},"end":{"line":101,"column":45}},"101":{"start":{"line":102,"column":0},"end":{"line":102,"column":14}},"102":{"start":{"line":103,"column":0},"end":{"line":103,"column":48}},"103":{"start":{"line":104,"column":0},"end":{"line":104,"column":7}},"104":{"start":{"line":105,"column":0},"end":{"line":105,"column":34}},"105":{"start":{"line":106,"column":0},"end":{"line":106,"column":19}},"106":{"start":{"line":107,"column":0},"end":{"line":107,"column":32}},"107":{"start":{"line":108,"column":0},"end":{"line":108,"column":5}},"108":{"start":{"line":109,"column":0},"end":{"line":109,"column":3}},"114":{"start":{"line":115,"column":0},"end":{"line":115,"column":45}},"115":{"start":{"line":116,"column":0},"end":{"line":116,"column":35}},"116":{"start":{"line":117,"column":0},"end":{"line":117,"column":62}},"117":{"start":{"line":118,"column":0},"end":{"line":118,"column":5}},"118":{"start":{"line":119,"column":0},"end":{"line":119,"column":34}},"119":{"start":{"line":120,"column":0},"end":{"line":120,"column":3}},"120":{"start":{"line":121,"column":0},"end":{"line":121,"column":1}}},"s":{"0":1,"14":12,"15":12,"16":12,"22":12,"23":12,"24":12,"25":12,"33":12,"34":18,"35":2,"36":2,"38":18,"39":2,"40":2,"41":18,"49":12,"50":5,"51":5,"52":5,"53":5,"60":5,"61":14,"62":14,"63":13,"64":14,"65":14,"66":14,"67":9,"68":14,"69":1,"70":1,"71":14,"72":5,"73":5,"81":12,"82":8,"83":2,"84":2,"85":6,"86":6,"87":8,"96":12,"97":5,"98":5,"99":1,"100":1,"101":5,"102":4,"103":2,"104":3,"105":5,"106":2,"107":2,"108":5,"114":12,"115":4,"116":4,"117":4,"118":4,"119":4,"120":12},"branchMap":{"0":{"type":"branch","line":15,"loc":{"start":{"line":15,"column":0},"end":{"line":121,"column":1}},"locations":[{"start":{"line":15,"column":0},"end":{"line":121,"column":1}}]},"1":{"type":"branch","line":23,"loc":{"start":{"line":23,"column":2},"end":{"line":26,"column":3}},"locations":[{"start":{"line":23,"column":2},"end":{"line":26,"column":3}}]},"2":{"type":"branch","line":24,"loc":{"start":{"line":24,"column":26},"end":{"line":24,"column":43}},"locations":[{"start":{"line":24,"column":26},"end":{"line":24,"column":43}}]},"3":{"type":"branch","line":25,"loc":{"start":{"line":25,"column":23},"end":{"line":25,"column":40}},"locations":[{"start":{"line":25,"column":23},"end":{"line":25,"column":40}}]},"4":{"type":"branch","line":25,"loc":{"start":{"line":25,"column":50},"end":{"line":25,"column":57}},"locations":[{"start":{"line":25,"column":50},"end":{"line":25,"column":57}}]},"5":{"type":"branch","line":25,"loc":{"start":{"line":25,"column":40},"end":{"line":25,"column":50}},"locations":[{"start":{"line":25,"column":40},"end":{"line":25,"column":50}}]},"6":{"type":"branch","line":34,"loc":{"start":{"line":34,"column":10},"end":{"line":42,"column":3}},"locations":[{"start":{"line":34,"column":10},"end":{"line":42,"column":3}}]},"7":{"type":"branch","line":35,"loc":{"start":{"line":35,"column":37},"end":{"line":37,"column":5}},"locations":[{"start":{"line":35,"column":37},"end":{"line":37,"column":5}}]},"8":{"type":"branch","line":37,"loc":{"start":{"line":37,"column":4},"end":{"line":39,"column":60}},"locations":[{"start":{"line":37,"column":4},"end":{"line":39,"column":60}}]},"9":{"type":"branch","line":39,"loc":{"start":{"line":39,"column":60},"end":{"line":41,"column":5}},"locations":[{"start":{"line":39,"column":60},"end":{"line":41,"column":5}}]},"10":{"type":"branch","line":39,"loc":{"start":{"line":39,"column":27},"end":{"line":39,"column":57}},"locations":[{"start":{"line":39,"column":27},"end":{"line":39,"column":57}}]},"11":{"type":"branch","line":50,"loc":{"start":{"line":50,"column":10},"end":{"line":74,"column":3}},"locations":[{"start":{"line":50,"column":10},"end":{"line":74,"column":3}}]},"12":{"type":"branch","line":52,"loc":{"start":{"line":52,"column":11},"end":{"line":73,"column":5}},"locations":[{"start":{"line":52,"column":11},"end":{"line":73,"column":5}}]},"13":{"type":"branch","line":61,"loc":{"start":{"line":61,"column":6},"end":{"line":72,"column":7}},"locations":[{"start":{"line":61,"column":6},"end":{"line":72,"column":7}}]},"14":{"type":"branch","line":63,"loc":{"start":{"line":63,"column":26},"end":{"line":63,"column":90}},"locations":[{"start":{"line":63,"column":26},"end":{"line":63,"column":90}}]},"15":{"type":"branch","line":63,"loc":{"start":{"line":63,"column":89},"end":{"line":65,"column":36}},"locations":[{"start":{"line":63,"column":89},"end":{"line":65,"column":36}}]},"16":{"type":"branch","line":65,"loc":{"start":{"line":65,"column":32},"end":{"line":65,"column":37}},"locations":[{"start":{"line":65,"column":32},"end":{"line":65,"column":37}}]},"17":{"type":"branch","line":66,"loc":{"start":{"line":66,"column":40},"end":{"line":66,"column":49}},"locations":[{"start":{"line":66,"column":40},"end":{"line":66,"column":49}}]},"18":{"type":"branch","line":66,"loc":{"start":{"line":66,"column":45},"end":{"line":67,"column":26}},"locations":[{"start":{"line":66,"column":45},"end":{"line":67,"column":26}}]},"19":{"type":"branch","line":67,"loc":{"start":{"line":67,"column":19},"end":{"line":67,"column":43}},"locations":[{"start":{"line":67,"column":19},"end":{"line":67,"column":43}}]},"20":{"type":"branch","line":67,"loc":{"start":{"line":67,"column":42},"end":{"line":69,"column":17}},"locations":[{"start":{"line":67,"column":42},"end":{"line":69,"column":17}}]},"21":{"type":"branch","line":69,"loc":{"start":{"line":69,"column":8},"end":{"line":71,"column":9}},"locations":[{"start":{"line":69,"column":8},"end":{"line":71,"column":9}}]},"22":{"type":"branch","line":82,"loc":{"start":{"line":82,"column":9},"end":{"line":88,"column":3}},"locations":[{"start":{"line":82,"column":9},"end":{"line":88,"column":3}}]},"23":{"type":"branch","line":83,"loc":{"start":{"line":83,"column":36},"end":{"line":85,"column":5}},"locations":[{"start":{"line":83,"column":36},"end":{"line":85,"column":5}}]},"24":{"type":"branch","line":85,"loc":{"start":{"line":85,"column":4},"end":{"line":87,"column":60}},"locations":[{"start":{"line":85,"column":4},"end":{"line":87,"column":60}}]},"25":{"type":"branch","line":97,"loc":{"start":{"line":97,"column":2},"end":{"line":109,"column":3}},"locations":[{"start":{"line":97,"column":2},"end":{"line":109,"column":3}}]},"26":{"type":"branch","line":99,"loc":{"start":{"line":99,"column":25},"end":{"line":102,"column":13}},"locations":[{"start":{"line":99,"column":25},"end":{"line":102,"column":13}}]},"27":{"type":"branch","line":102,"loc":{"start":{"line":102,"column":6},"end":{"line":104,"column":7}},"locations":[{"start":{"line":102,"column":6},"end":{"line":104,"column":7}}]},"28":{"type":"branch","line":103,"loc":{"start":{"line":103,"column":47},"end":{"line":104,"column":7}},"locations":[{"start":{"line":103,"column":47},"end":{"line":104,"column":7}}]},"29":{"type":"branch","line":104,"loc":{"start":{"line":104,"column":6},"end":{"line":106,"column":13}},"locations":[{"start":{"line":104,"column":6},"end":{"line":106,"column":13}}]},"30":{"type":"branch","line":106,"loc":{"start":{"line":106,"column":4},"end":{"line":108,"column":5}},"locations":[{"start":{"line":106,"column":4},"end":{"line":108,"column":5}}]},"31":{"type":"branch","line":115,"loc":{"start":{"line":115,"column":10},"end":{"line":120,"column":3}},"locations":[{"start":{"line":115,"column":10},"end":{"line":120,"column":3}}]}},"b":{"0":[12],"1":[12],"2":[7],"3":[1],"4":[7],"5":[3],"6":[18],"7":[2],"8":[16],"9":[2],"10":[17],"11":[5],"12":[5],"13":[14],"14":[1],"15":[13],"16":[10],"17":[3],"18":[12],"19":[3],"20":[9],"21":[1],"22":[8],"23":[2],"24":[6],"25":[5],"26":[1],"27":[4],"28":[2],"29":[3],"30":[2],"31":[4]},"fnMap":{"0":{"name":"<instance_members_initializer>","decl":{"start":{"line":15,"column":0},"end":{"line":121,"column":1}},"loc":{"start":{"line":15,"column":0},"end":{"line":121,"column":1}},"line":15},"1":{"name":"VmoOnion","decl":{"start":{"line":23,"column":2},"end":{"line":26,"column":3}},"loc":{"start":{"line":23,"column":2},"end":{"line":26,"column":3}},"line":23},"2":{"name":"checkMiddleWares","decl":{"start":{"line":34,"column":10},"end":{"line":42,"column":3}},"loc":{"start":{"line":34,"column":10},"end":{"line":42,"column":3}},"line":34},"3":{"name":"compose","decl":{"start":{"line":50,"column":10},"end":{"line":74,"column":3}},"loc":{"start":{"line":50,"column":10},"end":{"line":74,"column":3}},"line":50},"4":{"name":"dispatch","decl":{"start":{"line":61,"column":6},"end":{"line":72,"column":7}},"loc":{"start":{"line":61,"column":6},"end":{"line":72,"column":7}},"line":61},"5":{"name":"use","decl":{"start":{"line":82,"column":9},"end":{"line":88,"column":3}},"loc":{"start":{"line":82,"column":9},"end":{"line":88,"column":3}},"line":82},"6":{"name":"pipingData","decl":{"start":{"line":97,"column":2},"end":{"line":109,"column":3}},"loc":{"start":{"line":97,"column":2},"end":{"line":109,"column":3}},"line":97},"7":{"name":"getComposedMiddleware","decl":{"start":{"line":115,"column":10},"end":{"line":120,"column":3}},"loc":{"start":{"line":115,"column":10},"end":{"line":120,"column":3}},"line":115}},"f":{"0":12,"1":12,"2":18,"3":5,"4":14,"5":8,"6":5,"7":4}}
}
