{"/Users/enmotion/works/npm-project/vmo-onion/use.lib/index.ts": {"path":"/Users/enmotion/works/npm-project/vmo-onion/use.lib/index.ts","all":false,"statementMap":{"0":{"start":{"line":1,"column":0},"end":{"line":1,"column":2}},"17":{"start":{"line":18,"column":0},"end":{"line":18,"column":46}},"18":{"start":{"line":19,"column":0},"end":{"line":19,"column":38}},"19":{"start":{"line":20,"column":0},"end":{"line":20,"column":52}},"25":{"start":{"line":26,"column":0},"end":{"line":26,"column":46}},"26":{"start":{"line":27,"column":0},"end":{"line":27,"column":44}},"27":{"start":{"line":28,"column":0},"end":{"line":28,"column":57}},"28":{"start":{"line":29,"column":0},"end":{"line":29,"column":3}},"36":{"start":{"line":37,"column":0},"end":{"line":37,"column":58}},"37":{"start":{"line":38,"column":0},"end":{"line":38,"column":38}},"38":{"start":{"line":39,"column":0},"end":{"line":39,"column":64}},"39":{"start":{"line":40,"column":0},"end":{"line":40,"column":5}},"41":{"start":{"line":42,"column":0},"end":{"line":42,"column":61}},"42":{"start":{"line":43,"column":0},"end":{"line":43,"column":70}},"43":{"start":{"line":44,"column":0},"end":{"line":44,"column":5}},"44":{"start":{"line":45,"column":0},"end":{"line":45,"column":3}},"52":{"start":{"line":53,"column":0},"end":{"line":53,"column":59}},"53":{"start":{"line":54,"column":0},"end":{"line":54,"column":38}},"54":{"start":{"line":55,"column":0},"end":{"line":55,"column":55}},"55":{"start":{"line":56,"column":0},"end":{"line":56,"column":20}},"56":{"start":{"line":57,"column":0},"end":{"line":57,"column":24}},"63":{"start":{"line":64,"column":0},"end":{"line":64,"column":41}},"64":{"start":{"line":65,"column":0},"end":{"line":65,"column":13}},"65":{"start":{"line":66,"column":0},"end":{"line":66,"column":90}},"66":{"start":{"line":67,"column":0},"end":{"line":67,"column":19}},"67":{"start":{"line":68,"column":0},"end":{"line":68,"column":37}},"68":{"start":{"line":69,"column":0},"end":{"line":69,"column":49}},"73":{"start":{"line":74,"column":0},"end":{"line":74,"column":43}},"74":{"start":{"line":75,"column":0},"end":{"line":75,"column":73}},"75":{"start":{"line":76,"column":0},"end":{"line":76,"column":23}},"76":{"start":{"line":77,"column":0},"end":{"line":77,"column":36}},"77":{"start":{"line":78,"column":0},"end":{"line":78,"column":9}},"78":{"start":{"line":79,"column":0},"end":{"line":79,"column":7}},"79":{"start":{"line":80,"column":0},"end":{"line":80,"column":5}},"80":{"start":{"line":81,"column":0},"end":{"line":81,"column":3}},"88":{"start":{"line":89,"column":0},"end":{"line":89,"column":35}},"89":{"start":{"line":90,"column":0},"end":{"line":90,"column":37}},"90":{"start":{"line":91,"column":0},"end":{"line":91,"column":70}},"91":{"start":{"line":92,"column":0},"end":{"line":92,"column":5}},"92":{"start":{"line":93,"column":0},"end":{"line":93,"column":31}},"93":{"start":{"line":94,"column":0},"end":{"line":94,"column":60}},"94":{"start":{"line":95,"column":0},"end":{"line":95,"column":15}},"95":{"start":{"line":96,"column":0},"end":{"line":96,"column":3}},"104":{"start":{"line":105,"column":0},"end":{"line":105,"column":85}},"105":{"start":{"line":106,"column":0},"end":{"line":106,"column":9}},"106":{"start":{"line":107,"column":0},"end":{"line":107,"column":60}},"107":{"start":{"line":108,"column":0},"end":{"line":108,"column":26}},"108":{"start":{"line":109,"column":0},"end":{"line":109,"column":42}},"109":{"start":{"line":110,"column":0},"end":{"line":110,"column":108}},"110":{"start":{"line":111,"column":0},"end":{"line":111,"column":14}},"111":{"start":{"line":112,"column":0},"end":{"line":112,"column":85}},"112":{"start":{"line":113,"column":0},"end":{"line":113,"column":7}},"113":{"start":{"line":114,"column":0},"end":{"line":114,"column":19}},"114":{"start":{"line":115,"column":0},"end":{"line":115,"column":32}},"115":{"start":{"line":116,"column":0},"end":{"line":116,"column":5}},"116":{"start":{"line":117,"column":0},"end":{"line":117,"column":3}},"122":{"start":{"line":123,"column":0},"end":{"line":123,"column":45}},"123":{"start":{"line":124,"column":0},"end":{"line":124,"column":35}},"124":{"start":{"line":125,"column":0},"end":{"line":125,"column":62}},"125":{"start":{"line":126,"column":0},"end":{"line":126,"column":5}},"126":{"start":{"line":127,"column":0},"end":{"line":127,"column":34}},"127":{"start":{"line":128,"column":0},"end":{"line":128,"column":3}},"128":{"start":{"line":129,"column":0},"end":{"line":129,"column":1}}},"s":{"0":1,"17":14,"18":14,"19":14,"25":14,"26":14,"27":14,"28":14,"36":14,"37":22,"38":2,"39":2,"41":22,"42":2,"43":2,"44":22,"52":14,"53":7,"54":7,"55":7,"56":7,"63":7,"64":23,"65":23,"66":22,"67":23,"68":23,"73":23,"74":17,"75":23,"76":1,"77":1,"78":23,"79":7,"80":7,"88":14,"89":10,"90":2,"91":2,"92":8,"93":8,"94":8,"95":10,"104":14,"105":7,"106":7,"107":7,"108":1,"109":1,"110":7,"111":6,"112":6,"113":7,"114":2,"115":2,"116":7,"122":14,"123":6,"124":6,"125":6,"126":6,"127":6,"128":14},"branchMap":{"0":{"type":"branch","line":18,"loc":{"start":{"line":18,"column":0},"end":{"line":129,"column":1}},"locations":[{"start":{"line":18,"column":0},"end":{"line":129,"column":1}}]},"1":{"type":"branch","line":26,"loc":{"start":{"line":26,"column":2},"end":{"line":29,"column":3}},"locations":[{"start":{"line":26,"column":2},"end":{"line":29,"column":3}}]},"2":{"type":"branch","line":27,"loc":{"start":{"line":27,"column":26},"end":{"line":27,"column":43}},"locations":[{"start":{"line":27,"column":26},"end":{"line":27,"column":43}}]},"3":{"type":"branch","line":28,"loc":{"start":{"line":28,"column":23},"end":{"line":28,"column":40}},"locations":[{"start":{"line":28,"column":23},"end":{"line":28,"column":40}}]},"4":{"type":"branch","line":28,"loc":{"start":{"line":28,"column":50},"end":{"line":28,"column":57}},"locations":[{"start":{"line":28,"column":50},"end":{"line":28,"column":57}}]},"5":{"type":"branch","line":28,"loc":{"start":{"line":28,"column":40},"end":{"line":28,"column":50}},"locations":[{"start":{"line":28,"column":40},"end":{"line":28,"column":50}}]},"6":{"type":"branch","line":37,"loc":{"start":{"line":37,"column":10},"end":{"line":45,"column":3}},"locations":[{"start":{"line":37,"column":10},"end":{"line":45,"column":3}}]},"7":{"type":"branch","line":38,"loc":{"start":{"line":38,"column":37},"end":{"line":40,"column":5}},"locations":[{"start":{"line":38,"column":37},"end":{"line":40,"column":5}}]},"8":{"type":"branch","line":40,"loc":{"start":{"line":40,"column":4},"end":{"line":42,"column":60}},"locations":[{"start":{"line":40,"column":4},"end":{"line":42,"column":60}}]},"9":{"type":"branch","line":42,"loc":{"start":{"line":42,"column":60},"end":{"line":44,"column":5}},"locations":[{"start":{"line":42,"column":60},"end":{"line":44,"column":5}}]},"10":{"type":"branch","line":42,"loc":{"start":{"line":42,"column":27},"end":{"line":42,"column":57}},"locations":[{"start":{"line":42,"column":27},"end":{"line":42,"column":57}}]},"11":{"type":"branch","line":53,"loc":{"start":{"line":53,"column":10},"end":{"line":81,"column":3}},"locations":[{"start":{"line":53,"column":10},"end":{"line":81,"column":3}}]},"12":{"type":"branch","line":55,"loc":{"start":{"line":55,"column":11},"end":{"line":80,"column":5}},"locations":[{"start":{"line":55,"column":11},"end":{"line":80,"column":5}}]},"13":{"type":"branch","line":64,"loc":{"start":{"line":64,"column":6},"end":{"line":79,"column":7}},"locations":[{"start":{"line":64,"column":6},"end":{"line":79,"column":7}}]},"14":{"type":"branch","line":66,"loc":{"start":{"line":66,"column":26},"end":{"line":66,"column":90}},"locations":[{"start":{"line":66,"column":26},"end":{"line":66,"column":90}}]},"15":{"type":"branch","line":66,"loc":{"start":{"line":66,"column":89},"end":{"line":68,"column":36}},"locations":[{"start":{"line":66,"column":89},"end":{"line":68,"column":36}}]},"16":{"type":"branch","line":68,"loc":{"start":{"line":68,"column":32},"end":{"line":68,"column":37}},"locations":[{"start":{"line":68,"column":32},"end":{"line":68,"column":37}}]},"17":{"type":"branch","line":69,"loc":{"start":{"line":69,"column":40},"end":{"line":69,"column":49}},"locations":[{"start":{"line":69,"column":40},"end":{"line":69,"column":49}}]},"18":{"type":"branch","line":69,"loc":{"start":{"line":69,"column":45},"end":{"line":74,"column":26}},"locations":[{"start":{"line":69,"column":45},"end":{"line":74,"column":26}}]},"19":{"type":"branch","line":74,"loc":{"start":{"line":74,"column":19},"end":{"line":74,"column":43}},"locations":[{"start":{"line":74,"column":19},"end":{"line":74,"column":43}}]},"20":{"type":"branch","line":74,"loc":{"start":{"line":74,"column":42},"end":{"line":76,"column":17}},"locations":[{"start":{"line":74,"column":42},"end":{"line":76,"column":17}}]},"21":{"type":"branch","line":76,"loc":{"start":{"line":76,"column":8},"end":{"line":78,"column":9}},"locations":[{"start":{"line":76,"column":8},"end":{"line":78,"column":9}}]},"22":{"type":"branch","line":89,"loc":{"start":{"line":89,"column":9},"end":{"line":96,"column":3}},"locations":[{"start":{"line":89,"column":9},"end":{"line":96,"column":3}}]},"23":{"type":"branch","line":90,"loc":{"start":{"line":90,"column":36},"end":{"line":92,"column":5}},"locations":[{"start":{"line":90,"column":36},"end":{"line":92,"column":5}}]},"24":{"type":"branch","line":92,"loc":{"start":{"line":92,"column":4},"end":{"line":95,"column":15}},"locations":[{"start":{"line":92,"column":4},"end":{"line":95,"column":15}}]},"25":{"type":"branch","line":105,"loc":{"start":{"line":105,"column":2},"end":{"line":117,"column":3}},"locations":[{"start":{"line":105,"column":2},"end":{"line":117,"column":3}}]},"26":{"type":"branch","line":108,"loc":{"start":{"line":108,"column":25},"end":{"line":111,"column":13}},"locations":[{"start":{"line":108,"column":25},"end":{"line":111,"column":13}}]},"27":{"type":"branch","line":111,"loc":{"start":{"line":111,"column":6},"end":{"line":113,"column":7}},"locations":[{"start":{"line":111,"column":6},"end":{"line":113,"column":7}}]},"28":{"type":"branch","line":112,"loc":{"start":{"line":112,"column":52},"end":{"line":112,"column":58}},"locations":[{"start":{"line":112,"column":52},"end":{"line":112,"column":58}}]},"29":{"type":"branch","line":112,"loc":{"start":{"line":112,"column":52},"end":{"line":112,"column":85}},"locations":[{"start":{"line":112,"column":52},"end":{"line":112,"column":85}}]},"30":{"type":"branch","line":114,"loc":{"start":{"line":114,"column":4},"end":{"line":116,"column":5}},"locations":[{"start":{"line":114,"column":4},"end":{"line":116,"column":5}}]},"31":{"type":"branch","line":123,"loc":{"start":{"line":123,"column":10},"end":{"line":128,"column":3}},"locations":[{"start":{"line":123,"column":10},"end":{"line":128,"column":3}}]}},"b":{"0":[14],"1":[14],"2":[7],"3":[3],"4":[7],"5":[9],"6":[22],"7":[2],"8":[20],"9":[2],"10":[31],"11":[7],"12":[7],"13":[23],"14":[1],"15":[22],"16":[18],"17":[4],"18":[21],"19":[4],"20":[17],"21":[1],"22":[10],"23":[2],"24":[8],"25":[7],"26":[1],"27":[6],"28":[4],"29":[1],"30":[2],"31":[6]},"fnMap":{"0":{"name":"<instance_members_initializer>","decl":{"start":{"line":18,"column":0},"end":{"line":129,"column":1}},"loc":{"start":{"line":18,"column":0},"end":{"line":129,"column":1}},"line":18},"1":{"name":"VmoOnion","decl":{"start":{"line":26,"column":2},"end":{"line":29,"column":3}},"loc":{"start":{"line":26,"column":2},"end":{"line":29,"column":3}},"line":26},"2":{"name":"checkMiddleWares","decl":{"start":{"line":37,"column":10},"end":{"line":45,"column":3}},"loc":{"start":{"line":37,"column":10},"end":{"line":45,"column":3}},"line":37},"3":{"name":"compose","decl":{"start":{"line":53,"column":10},"end":{"line":81,"column":3}},"loc":{"start":{"line":53,"column":10},"end":{"line":81,"column":3}},"line":53},"4":{"name":"dispatch","decl":{"start":{"line":64,"column":6},"end":{"line":79,"column":7}},"loc":{"start":{"line":64,"column":6},"end":{"line":79,"column":7}},"line":64},"5":{"name":"use","decl":{"start":{"line":89,"column":9},"end":{"line":96,"column":3}},"loc":{"start":{"line":89,"column":9},"end":{"line":96,"column":3}},"line":89},"6":{"name":"pipingData","decl":{"start":{"line":105,"column":2},"end":{"line":117,"column":3}},"loc":{"start":{"line":105,"column":2},"end":{"line":117,"column":3}},"line":105},"7":{"name":"getComposedMiddleware","decl":{"start":{"line":123,"column":10},"end":{"line":128,"column":3}},"loc":{"start":{"line":123,"column":10},"end":{"line":128,"column":3}},"line":123}},"f":{"0":14,"1":14,"2":22,"3":7,"4":23,"5":10,"6":7,"7":6}}
}
